<?xml version="1.0" encoding="UTF-8"?>
<testng-results skipped="0" failed="0" total="0" passed="0">
  <reporter-output>
  </reporter-output>
  <suite name="org.books.persistence.QueriesWithDataTest" duration-ms="0" started-at="2015-01-14T18:37:21Z" finished-at="2015-01-14T18:37:21Z">
    <groups>
    </groups>
    <test name="Command line test" duration-ms="0" started-at="2015-01-14T18:37:21Z" finished-at="2015-01-14T18:37:21Z">
    </test> <!-- Command line test -->
  </suite> <!-- org.books.persistence.QueriesWithDataTest -->
</testng-results>
