<?xml version="1.0" encoding="UTF-8" ?>
<testsuite tests="3" failures="1" name="org.books.application.service.OrderServiceIT" time="15.756" errors="0" skipped="2">
  <properties>
[...]
</properties>
  <testcase classname="org.books.application.service.OrderServiceIT" name="setUpClass" time="0">
    <failure message="Object: Customer{firstName=Homer, lastName=Simpson, email=silvan.strueby@students.bfh.ch, address=Address{id=null, street=Street, city=St. Ursen, postalCode=postalCode, country=country}, creditCard=CreditCard{id=null, type=MasterCard, number=12345, expirationMonth=6, expirationYear=16}} is not a known entity type." type="java.lang.IllegalArgumentException">java.lang.IllegalArgumentException: Object: Customer{firstName=Homer, lastName=Simpson, email=silvan.strueby@students.bfh.ch, address=Address{id=null, street=Street, city=St. Ursen, postalCode=postalCode, country=country}, creditCard=CreditCard{id=null, type=MasterCard, number=12345, expirationMonth=6, expirationYear=16}} is not a known entity type.
	at org.eclipse.persistence.internal.sessions.UnitOfWorkImpl.registerNewObjectForPersist(UnitOfWorkImpl.java:4228)
	at org.eclipse.persistence.internal.jpa.EntityManagerImpl.persist(EntityManagerImpl.java:496)
	at org.books.application.service.OrderServiceIT.setUpClass(OrderServiceIT.java:121)
</failure>
    <system-out>[EL Info]: EclipseLink, version: Eclipse Persistence Services - 2.5.2.v20140319-9ad6abd
[EL Fine]: connection: Detected database platform: org.eclipse.persistence.platform.database.JavaDBPlatform
[EL Config]: connection: connecting(DatabaseLogin(
	platform=&gt;JavaDBPlatform
	user name=&gt; &quot;&quot;
	connector=&gt;JNDIConnector datasource name=&gt;jdbc/bookstore
))
[EL Config]: connection: Connected: jdbc:derby://localhost:1527/bookstore;create=true
	User: bookstore
	Database: Apache Derby  Version: 10.10.1.3 - (1557168)
	Driver: Apache Derby Network Client JDBC Driver  Version: 10.10.2.0 - (1582446)
[EL Config]: connection: connecting(DatabaseLogin(
	platform=&gt;JavaDBPlatform
	user name=&gt; &quot;&quot;
	connector=&gt;JNDIConnector datasource name=&gt;jdbc/bookstore
))
[EL Config]: connection: Connected: jdbc:derby://localhost:1527/bookstore;create=true
	User: bookstore
	Database: Apache Derby  Version: 10.10.1.3 - (1557168)
	Driver: Apache Derby Network Client JDBC Driver  Version: 10.10.2.0 - (1582446)
[EL Info]: connection: file:/C:/work/bookstore/bookstore-jpa/target/classes/_bookstore login successful
[EL Warning]: metamodel: The collection of metamodel types is empty. Model classes may not have been found during entity search for Java SE and some Java EE container managed persistence units.  Please verify that your entity classes are referenced in persistence.xml using either &lt;class&gt; elements or a global &lt;exclude-unlisted-classes&gt;false&lt;/exclude-unlisted-classes&gt; element
</system-out>
    <system-err>Jan 14, 2015 7:41:46 PM org.hibernate.validator.internal.util.Version &lt;clinit&gt;
INFO: HV000001: Hibernate Validator 5.0.0.Final
</system-err>
  </testcase>
  <testcase classname="org.books.application.service.OrderServiceIT" name="placeOrder" time="0">
    <skipped/>
  </testcase>
  <testcase classname="org.books.application.service.OrderServiceIT" name="tearDownClass" time="0">
    <skipped/>
  </testcase>
</testsuite>