<?xml version="1.0" encoding="UTF-8"?>
<testng-results skipped="1" failed="0" total="1" passed="0">
  <reporter-output>
  </reporter-output>
  <suite name="org.books.application.service.OrderServiceIT" duration-ms="15038" started-at="2015-01-14T18:41:46Z" finished-at="2015-01-14T18:42:01Z">
    <groups>
    </groups>
    <test name="Command line test" duration-ms="15038" started-at="2015-01-14T18:41:46Z" finished-at="2015-01-14T18:42:01Z">
      <class name="org.books.application.service.OrderServiceIT">
        <test-method status="FAIL" signature="setUpClass()[pri:0, instance:org.books.application.service.OrderServiceIT@35bbe5e8]" name="setUpClass" is-config="true" duration-ms="0" started-at="2015-01-14T19:41:46Z" finished-at="2015-01-14T19:41:46Z">
          <exception class="java.lang.IllegalArgumentException">
            <message>
              <![CDATA[Object: Customer{firstName=Homer, lastName=Simpson, email=silvan.strueby@students.bfh.ch, address=Address{id=null, street=Street, city=St. Ursen, postalCode=postalCode, country=country}, creditCard=CreditCard{id=null, type=MasterCard, number=12345, expirationMonth=6, expirationYear=16}} is not a known entity type.]]>
            </message>
            <full-stacktrace>
              <![CDATA[java.lang.IllegalArgumentException: Object: Customer{firstName=Homer, lastName=Simpson, email=silvan.strueby@students.bfh.ch, address=Address{id=null, street=Street, city=St. Ursen, postalCode=postalCode, country=country}, creditCard=CreditCard{id=null, type=MasterCard, number=12345, expirationMonth=6, expirationYear=16}} is not a known entity type.
	at org.eclipse.persistence.internal.sessions.UnitOfWorkImpl.registerNewObjectForPersist(UnitOfWorkImpl.java:4228)
	at org.eclipse.persistence.internal.jpa.EntityManagerImpl.persist(EntityManagerImpl.java:496)
	at org.books.application.service.OrderServiceIT.setUpClass(OrderServiceIT.java:121)
	at sun.reflect.NativeMethodAccessorImpl.invoke0(Native Method)
	at sun.reflect.NativeMethodAccessorImpl.invoke(NativeMethodAccessorImpl.java:62)
	at sun.reflect.DelegatingMethodAccessorImpl.invoke(DelegatingMethodAccessorImpl.java:43)
	at java.lang.reflect.Method.invoke(Method.java:483)
	at org.testng.internal.MethodInvocationHelper.invokeMethod(MethodInvocationHelper.java:80)
	at org.testng.internal.Invoker.invokeConfigurationMethod(Invoker.java:564)
	at org.testng.internal.Invoker.invokeConfigurations(Invoker.java:213)
	at org.testng.internal.Invoker.invokeConfigurations(Invoker.java:138)
	at org.testng.TestRunner.beforeRun(TestRunner.java:641)
	at org.testng.TestRunner.run(TestRunner.java:609)
	at org.testng.SuiteRunner.runTest(SuiteRunner.java:334)
	at org.testng.SuiteRunner.runSequentially(SuiteRunner.java:329)
	at org.testng.SuiteRunner.privateRun(SuiteRunner.java:291)
	at org.testng.SuiteRunner.run(SuiteRunner.java:240)
	at org.testng.SuiteRunnerWorker.runSuite(SuiteRunnerWorker.java:52)
	at org.testng.SuiteRunnerWorker.run(SuiteRunnerWorker.java:86)
	at org.testng.TestNG.runSuitesSequentially(TestNG.java:1198)
	at org.testng.TestNG.runSuitesLocally(TestNG.java:1123)
	at org.testng.TestNG.run(TestNG.java:1031)
	at org.apache.maven.surefire.testng.TestNGExecutor.run(TestNGExecutor.java:70)
	at org.apache.maven.surefire.testng.TestNGDirectoryTestSuite.execute(TestNGDirectoryTestSuite.java:109)
	at org.apache.maven.surefire.testng.TestNGProvider.invoke(TestNGProvider.java:111)
	at sun.reflect.NativeMethodAccessorImpl.invoke0(Native Method)
	at sun.reflect.NativeMethodAccessorImpl.invoke(NativeMethodAccessorImpl.java:62)
	at sun.reflect.DelegatingMethodAccessorImpl.invoke(DelegatingMethodAccessorImpl.java:43)
	at java.lang.reflect.Method.invoke(Method.java:483)
	at org.apache.maven.surefire.util.ReflectionUtils.invokeMethodWithArray(ReflectionUtils.java:164)
	at org.apache.maven.surefire.booter.ProviderFactory$ProviderProxy.invoke(ProviderFactory.java:110)
	at org.apache.maven.surefire.booter.SurefireStarter.invokeProvider(SurefireStarter.java:175)
	at org.apache.maven.surefire.booter.SurefireStarter.runSuitesInProcessWhenForked(SurefireStarter.java:107)
	at org.apache.maven.surefire.booter.ForkedBooter.main(ForkedBooter.java:68)
]]>
            </full-stacktrace>
          </exception> <!-- java.lang.IllegalArgumentException -->
          <reporter-output>
          </reporter-output>
        </test-method> <!-- setUpClass -->
        <test-method status="SKIP" signature="placeOrder()[pri:0, instance:org.books.application.service.OrderServiceIT@35bbe5e8]" name="placeOrder" duration-ms="0" started-at="2015-01-14T19:42:01Z" finished-at="2015-01-14T19:42:01Z">
          <reporter-output>
          </reporter-output>
        </test-method> <!-- placeOrder -->
        <test-method status="SKIP" signature="tearDownClass()[pri:0, instance:org.books.application.service.OrderServiceIT@35bbe5e8]" name="tearDownClass" is-config="true" duration-ms="0" started-at="2015-01-14T19:42:01Z" finished-at="2015-01-14T19:42:01Z">
          <reporter-output>
          </reporter-output>
        </test-method> <!-- tearDownClass -->
      </class> <!-- org.books.application.service.OrderServiceIT -->
    </test> <!-- Command line test -->
  </suite> <!-- org.books.application.service.OrderServiceIT -->
</testng-results>
